<?xml version="1.0" encoding="UTF-8"?>
<testsuite name="com.group.libraryapp.calculator.JunitTest" tests="2" skipped="0" failures="0" errors="0" timestamp="2022-09-28T09:05:29" hostname="taxijjangui-MacBookPro.local" time="0.001">
  <properties/>
  <testcase name="test1()" classname="com.group.libraryapp.calculator.JunitTest" time="0.001"/>
  <testcase name="test2()" classname="com.group.libraryapp.calculator.JunitTest" time="0.0"/>
  <system-out><![CDATA[모든 테스트 시작 전
각 테스트 시작 전 실행
테스트 1
각 테스트 종료 후 실행
각 테스트 시작 전 실행
테스트 2
각 테스트 종료 후 실행
모든 테스트 종료 휴
]]></system-out>
  <system-err><![CDATA[]]></system-err>
</testsuite>
