<?xml version="1.0" encoding="UTF-8"?>
<testsuite name="com.group.libraryapp.LibraryAppApplicationTests" tests="1" skipped="0" failures="0" errors="0" timestamp="2022-09-10T14:04:30" hostname="taxijjangui-MacBookPro.local" time="0.053">
  <properties/>
  <testcase name="contextLoads()" classname="com.group.libraryapp.LibraryAppApplicationTests" time="0.053"/>
  <system-out><![CDATA[23:04:27.814 [Test worker] DEBUG org.springframework.test.context.BootstrapUtils - Instantiating CacheAwareContextLoaderDelegate from class [org.springframework.test.context.cache.DefaultCacheAwareContextLoaderDelegate]
23:04:27.819 [Test worker] DEBUG org.springframework.test.context.BootstrapUtils - Instantiating BootstrapContext using constructor [public org.springframework.test.context.support.DefaultBootstrapContext(java.lang.Class,org.springframework.test.context.CacheAwareContextLoaderDelegate)]
23:04:27.834 [Test worker] DEBUG org.springframework.test.context.BootstrapUtils - Instantiating TestContextBootstrapper for test class [com.group.libraryapp.LibraryAppApplicationTests] from class [org.springframework.boot.test.context.SpringBootTestContextBootstrapper]
23:04:27.838 [Test worker] INFO org.springframework.boot.test.context.SpringBootTestContextBootstrapper - Neither @ContextConfiguration nor @ContextHierarchy found for test class [com.group.libraryapp.LibraryAppApplicationTests], using SpringBootContextLoader
23:04:27.840 [Test worker] DEBUG org.springframework.test.context.support.AbstractContextLoader - Did not detect default resource location for test class [com.group.libraryapp.LibraryAppApplicationTests]: class path resource [com/group/libraryapp/LibraryAppApplicationTests-context.xml] does not exist
23:04:27.841 [Test worker] DEBUG org.springframework.test.context.support.AbstractContextLoader - Did not detect default resource location for test class [com.group.libraryapp.LibraryAppApplicationTests]: class path resource [com/group/libraryapp/LibraryAppApplicationTestsContext.groovy] does not exist
23:04:27.841 [Test worker] INFO org.springframework.test.context.support.AbstractContextLoader - Could not detect default resource locations for test class [com.group.libraryapp.LibraryAppApplicationTests]: no resource found for suffixes {-context.xml, Context.groovy}.
23:04:27.841 [Test worker] INFO org.springframework.test.context.support.AnnotationConfigContextLoaderUtils - Could not detect default configuration classes for test class [com.group.libraryapp.LibraryAppApplicationTests]: LibraryAppApplicationTests does not declare any static, non-private, non-final, nested classes annotated with @Configuration.
23:04:27.859 [Test worker] DEBUG org.springframework.test.context.support.ActiveProfilesUtils - Could not find an 'annotation declaring class' for annotation type [org.springframework.test.context.ActiveProfiles] and class [com.group.libraryapp.LibraryAppApplicationTests]
23:04:27.885 [Test worker] DEBUG org.springframework.context.annotation.ClassPathScanningCandidateComponentProvider - Identified candidate component class: file [/Users/taxijjang/personal-git-dir/library-app/build/classes/java/main/com/group/libraryapp/LibraryAppApplication.class]
23:04:27.885 [Test worker] INFO org.springframework.boot.test.context.SpringBootTestContextBootstrapper - Found @SpringBootConfiguration com.group.libraryapp.LibraryAppApplication for test class com.group.libraryapp.LibraryAppApplicationTests
23:04:27.927 [Test worker] DEBUG org.springframework.boot.test.context.SpringBootTestContextBootstrapper - @TestExecutionListeners is not present for class [com.group.libraryapp.LibraryAppApplicationTests]: using defaults.
23:04:27.927 [Test worker] INFO org.springframework.boot.test.context.SpringBootTestContextBootstrapper - Loaded default TestExecutionListener class names from location [META-INF/spring.factories]: [org.springframework.boot.test.autoconfigure.restdocs.RestDocsTestExecutionListener, org.springframework.boot.test.autoconfigure.web.client.MockRestServiceServerResetTestExecutionListener, org.springframework.boot.test.autoconfigure.web.servlet.MockMvcPrintOnlyOnFailureTestExecutionListener, org.springframework.boot.test.autoconfigure.web.servlet.WebDriverTestExecutionListener, org.springframework.boot.test.autoconfigure.webservices.client.MockWebServiceServerTestExecutionListener, org.springframework.boot.test.mock.mockito.MockitoTestExecutionListener, org.springframework.boot.test.mock.mockito.ResetMocksTestExecutionListener, org.springframework.test.context.web.ServletTestExecutionListener, org.springframework.test.context.support.DirtiesContextBeforeModesTestExecutionListener, org.springframework.test.context.event.ApplicationEventsTestExecutionListener, org.springframework.test.context.support.DependencyInjectionTestExecutionListener, org.springframework.test.context.support.DirtiesContextTestExecutionListener, org.springframework.test.context.transaction.TransactionalTestExecutionListener, org.springframework.test.context.jdbc.SqlScriptsTestExecutionListener, org.springframework.test.context.event.EventPublishingTestExecutionListener]
23:04:27.934 [Test worker] INFO org.springframework.boot.test.context.SpringBootTestContextBootstrapper - Using TestExecutionListeners: [org.springframework.test.context.web.ServletTestExecutionListener@4593ff34, org.springframework.test.context.support.DirtiesContextBeforeModesTestExecutionListener@37d3d232, org.springframework.test.context.event.ApplicationEventsTestExecutionListener@30c0ccff, org.springframework.boot.test.mock.mockito.MockitoTestExecutionListener@581d969c, org.springframework.boot.test.autoconfigure.SpringBootDependencyInjectionTestExecutionListener@22db8f4, org.springframework.test.context.support.DirtiesContextTestExecutionListener@2b46a8c1, org.springframework.test.context.transaction.TransactionalTestExecutionListener@1d572e62, org.springframework.test.context.jdbc.SqlScriptsTestExecutionListener@29caf222, org.springframework.test.context.event.EventPublishingTestExecutionListener@46cf05f7, org.springframework.boot.test.autoconfigure.restdocs.RestDocsTestExecutionListener@5851bd4f, org.springframework.boot.test.autoconfigure.web.client.MockRestServiceServerResetTestExecutionListener@7cd1ac19, org.springframework.boot.test.autoconfigure.web.servlet.MockMvcPrintOnlyOnFailureTestExecutionListener@2f40a43, org.springframework.boot.test.autoconfigure.web.servlet.WebDriverTestExecutionListener@3caa4757, org.springframework.boot.test.autoconfigure.webservices.client.MockWebServiceServerTestExecutionListener@69c43e48, org.springframework.boot.test.mock.mockito.ResetMocksTestExecutionListener@1804f60d]
23:04:27.936 [Test worker] DEBUG org.springframework.test.context.support.AbstractDirtiesContextTestExecutionListener - Before test class: context [DefaultTestContext@1cfd1875 testClass = LibraryAppApplicationTests, testInstance = [null], testMethod = [null], testException = [null], mergedContextConfiguration = [WebMergedContextConfiguration@28c0b664 testClass = LibraryAppApplicationTests, locations = '{}', classes = '{class com.group.libraryapp.LibraryAppApplication}', contextInitializerClasses = '[]', activeProfiles = '{}', propertySourceLocations = '{}', propertySourceProperties = '{org.springframework.boot.test.context.SpringBootTestContextBootstrapper=true}', contextCustomizers = set[org.springframework.boot.test.autoconfigure.actuate.metrics.MetricsExportContextCustomizerFactory$DisableMetricExportContextCustomizer@fb9c7aa, org.springframework.boot.test.autoconfigure.properties.PropertyMappingContextCustomizer@0, org.springframework.boot.test.autoconfigure.web.servlet.WebDriverContextCustomizerFactory$Customizer@65b3a85a, org.springframework.boot.test.context.filter.ExcludeFilterContextCustomizer@2cae1042, org.springframework.boot.test.json.DuplicateJsonObjectContextCustomizerFactory$DuplicateJsonObjectContextCustomizer@2262b621, org.springframework.boot.test.mock.mockito.MockitoContextCustomizer@0, org.springframework.boot.test.web.client.TestRestTemplateContextCustomizer@4c4d27c8, org.springframework.boot.test.context.SpringBootTestArgs@1, org.springframework.boot.test.context.SpringBootTestWebEnvironment@28194a50], resourceBasePath = 'src/main/webapp', contextLoader = 'org.springframework.boot.test.context.SpringBootContextLoader', parent = [null]], attributes = map['org.springframework.test.context.web.ServletTestExecutionListener.activateListener' -> true]], class annotated with @DirtiesContext [false] with mode [null].

  .   ____          _            __ _ _
 /\\ / ___'_ __ _ _(_)_ __  __ _ \ \ \ \
( ( )\___ | '_ | '_| | '_ \/ _` | \ \ \ \
 \\/  ___)| |_)| | | | | || (_| |  ) ) ) )
  '  |____| .__|_| |_|_| |_\__, | / / / /
 =========|_|==============|___/=/_/_/_/
 :: Spring Boot ::                (v2.6.8)

2022-09-10 23:04:28.122  INFO 25899 --- [    Test worker] c.g.l.LibraryAppApplicationTests         : Starting LibraryAppApplicationTests using Java 11.0.16 on taxijjangui-MacBookPro.local with PID 25899 (started by taxijjang in /Users/taxijjang/personal-git-dir/library-app)
2022-09-10 23:04:28.123  INFO 25899 --- [    Test worker] c.g.l.LibraryAppApplicationTests         : No active profile set, falling back to 1 default profile: "default"
2022-09-10 23:04:28.420  INFO 25899 --- [    Test worker] .s.d.r.c.RepositoryConfigurationDelegate : Bootstrapping Spring Data JPA repositories in DEFAULT mode.
2022-09-10 23:04:28.449  INFO 25899 --- [    Test worker] .s.d.r.c.RepositoryConfigurationDelegate : Finished Spring Data repository scanning in 24 ms. Found 3 JPA repository interfaces.
2022-09-10 23:04:28.717  INFO 25899 --- [    Test worker] o.hibernate.jpa.internal.util.LogHelper  : HHH000204: Processing PersistenceUnitInfo [name: default]
2022-09-10 23:04:28.743  INFO 25899 --- [    Test worker] org.hibernate.Version                    : HHH000412: Hibernate ORM core version 5.6.9.Final
2022-09-10 23:04:28.832  INFO 25899 --- [    Test worker] o.hibernate.annotations.common.Version   : HCANN000001: Hibernate Commons Annotations {5.1.2.Final}
2022-09-10 23:04:28.879  INFO 25899 --- [    Test worker] com.zaxxer.hikari.HikariDataSource       : HikariPool-1 - Starting...
2022-09-10 23:04:28.966  INFO 25899 --- [    Test worker] com.zaxxer.hikari.HikariDataSource       : HikariPool-1 - Start completed.
2022-09-10 23:04:28.984  INFO 25899 --- [    Test worker] org.hibernate.dialect.Dialect            : HHH000400: Using dialect: org.hibernate.dialect.H2Dialect
Hibernate: 
    
    drop table if exists book CASCADE 
Hibernate: 
    
    drop table if exists user CASCADE 
Hibernate: 
    
    drop table if exists user_loan_history CASCADE 
Hibernate: 
    
    create table book (
       id bigint generated by default as identity,
        name varchar(255),
        primary key (id)
    )
Hibernate: 
    
    create table user (
       id bigint generated by default as identity,
        age integer,
        name varchar(255) not null,
        primary key (id)
    )
Hibernate: 
    
    create table user_loan_history (
       id bigint generated by default as identity,
        book_name varchar(255),
        is_return boolean not null,
        user_id bigint,
        primary key (id)
    )
Hibernate: 
    
    alter table user_loan_history 
       add constraint FKa17jbf1po26eytdyvyj73b4rw 
       foreign key (user_id) 
       references user
2022-09-10 23:04:29.308  INFO 25899 --- [    Test worker] o.h.e.t.j.p.i.JtaPlatformInitiator       : HHH000490: Using JtaPlatform implementation: [org.hibernate.engine.transaction.jta.platform.internal.NoJtaPlatform]
2022-09-10 23:04:29.312  INFO 25899 --- [    Test worker] j.LocalContainerEntityManagerFactoryBean : Initialized JPA EntityManagerFactory for persistence unit 'default'
2022-09-10 23:04:29.836  WARN 25899 --- [    Test worker] JpaBaseConfiguration$JpaWebConfiguration : spring.jpa.open-in-view is enabled by default. Therefore, database queries may be performed during view rendering. Explicitly configure spring.jpa.open-in-view to disable this warning
2022-09-10 23:04:29.962  INFO 25899 --- [    Test worker] o.s.b.a.h2.H2ConsoleAutoConfiguration    : H2 console available at '/h2-console'. Database available at 'jdbc:h2:mem:library'
2022-09-10 23:04:30.100  INFO 25899 --- [    Test worker] c.g.l.LibraryAppApplicationTests         : Started LibraryAppApplicationTests in 2.147 seconds (JVM running for 2.672)
]]></system-out>
  <system-err><![CDATA[]]></system-err>
</testsuite>
