<?xml version="1.0" encoding="UTF-8"?>
<testsuite name="com.group.libraryapp.calculator.CalculatorTest" tests="4" skipped="0" failures="0" errors="0" timestamp="2022-08-29T14:37:10" hostname="taxijjangui-MacBookPro.local" time="0.01">
  <properties/>
  <testcase name="divide()" classname="com.group.libraryapp.calculator.CalculatorTest" time="0.008"/>
  <testcase name="add()" classname="com.group.libraryapp.calculator.CalculatorTest" time="0.0"/>
  <testcase name="minus()" classname="com.group.libraryapp.calculator.CalculatorTest" time="0.001"/>
  <testcase name="multiply()" classname="com.group.libraryapp.calculator.CalculatorTest" time="0.0"/>
  <system-out><![CDATA[]]></system-out>
  <system-err><![CDATA[]]></system-err>
</testsuite>
